Using pre-set license
Built from '2022.3/staging' branch; Version is '2022.3.10f1 (ff3792e53c62) revision 16725906'; Using compiler version '192829333'; Build Type 'Release'
OS: 'Windows 11  (10.0.22631) 64bit Core' Language: 'en' Physical Memory: 16177 MB
BatchMode: 1, IsHumanControllingUs: 0, StartBugReporterOnCrash: 0, Is64bit: 1, IsPro: 1

COMMAND LINE ARGUMENTS:
C:\Program Files\Unity\Hub\Editor\2022.3.10f1\Editor\Unity.exe
-adb2
-batchMode
-noUpm
-name
AssetImportWorker4
-projectPath
D:/Coding/C#/TeamBeyond/gamedev/TeamBeyond
-logFile
Logs/AssetImportWorker4.log
-srvPort
56544
Successfully changed project path to: D:/Coding/C#/TeamBeyond/gamedev/TeamBeyond
D:/Coding/C#/TeamBeyond/gamedev/TeamBeyond
[UnityMemory] Configuration Parameters - Can be set up in boot.config
    "memorysetup-bucket-allocator-granularity=16"
    "memorysetup-bucket-allocator-bucket-count=8"
    "memorysetup-bucket-allocator-block-size=33554432"
    "memorysetup-bucket-allocator-block-count=8"
    "memorysetup-main-allocator-block-size=16777216"
    "memorysetup-thread-allocator-block-size=16777216"
    "memorysetup-gfx-main-allocator-block-size=16777216"
    "memorysetup-gfx-thread-allocator-block-size=16777216"
    "memorysetup-cache-allocator-block-size=4194304"
    "memorysetup-typetree-allocator-block-size=2097152"
    "memorysetup-profiler-bucket-allocator-granularity=16"
    "memorysetup-profiler-bucket-allocator-bucket-count=8"
    "memorysetup-profiler-bucket-allocator-block-size=33554432"
    "memorysetup-profiler-bucket-allocator-block-count=8"
    "memorysetup-profiler-allocator-block-size=16777216"
    "memorysetup-profiler-editor-allocator-block-size=1048576"
    "memorysetup-temp-allocator-size-main=16777216"
    "memorysetup-job-temp-allocator-block-size=2097152"
    "memorysetup-job-temp-allocator-block-size-background=1048576"
    "memorysetup-job-temp-allocator-reduction-small-platforms=262144"
    "memorysetup-allocator-temp-initial-block-size-main=262144"
    "memorysetup-allocator-temp-initial-block-size-worker=262144"
    "memorysetup-temp-allocator-size-background-worker=32768"
    "memorysetup-temp-allocator-size-job-worker=262144"
    "memorysetup-temp-allocator-size-preload-manager=33554432"
    "memorysetup-temp-allocator-size-nav-mesh-worker=65536"
    "memorysetup-temp-allocator-size-audio-worker=65536"
    "memorysetup-temp-allocator-size-cloud-worker=32768"
    "memorysetup-temp-allocator-size-gi-baking-worker=262144"
    "memorysetup-temp-allocator-size-gfx=262144"
Player connection [16896] Host "[IP] 192.168.51.120 [Port] 0 [Flags] 2 [Guid] 3922763318 [EditorId] 3922763318 [Version] 1048832 [Id] WindowsEditor(7,DESKTOP-OF41TVG) [Debug] 1 [PackageName] WindowsEditor [ProjectName] Editor" joined multi-casting on [225.0.0.222:54997]...

Player connection [16896] Host "[IP] 192.168.51.120 [Port] 0 [Flags] 2 [Guid] 3922763318 [EditorId] 3922763318 [Version] 1048832 [Id] WindowsEditor(7,DESKTOP-OF41TVG) [Debug] 1 [PackageName] WindowsEditor [ProjectName] Editor" joined alternative multi-casting on [225.0.0.222:34997]...

[Physics::Module] Initialized MultithreadedJobDispatcher with 7 workers.
Refreshing native plugins compatible for Editor in 10.69 ms, found 3 plugins.
Preloading 0 native plugins for Editor in 0.00 ms.
Initialize engine version: 2022.3.10f1 (ff3792e53c62)
[Subsystems] Discovering subsystems at path C:/Program Files/Unity/Hub/Editor/2022.3.10f1/Editor/Data/Resources/UnitySubsystems
[Subsystems] Discovering subsystems at path D:/Coding/C#/TeamBeyond/gamedev/TeamBeyond/Assets
GfxDevice: creating device client; threaded=0; jobified=0
Direct3D:
    Version:  Direct3D 11.0 [level 11.1]
    Renderer: NVIDIA GeForce GTX 1650 (ID=0x1f99)
    Vendor:   NVIDIA
    VRAM:     3937 MB
    Driver:   31.0.15.5176
Initialize mono
Mono path[0] = 'C:/Program Files/Unity/Hub/Editor/2022.3.10f1/Editor/Data/Managed'
Mono path[1] = 'C:/Program Files/Unity/Hub/Editor/2022.3.10f1/Editor/Data/MonoBleedingEdge/lib/mono/unityjit-win32'
Mono config path = 'C:/Program Files/Unity/Hub/Editor/2022.3.10f1/Editor/Data/MonoBleedingEdge/etc'
Using monoOptions --debugger-agent=transport=dt_socket,embedding=1,server=y,suspend=n,address=127.0.0.1:56400
Begin MonoManager ReloadAssembly
Registering precompiled unity dll's ...
Register platform support module: C:/Program Files/Unity/Hub/Editor/2022.3.10f1/Editor/Data/PlaybackEngines/WebGLSupport/UnityEditor.WebGL.Extensions.dll
Register platform support module: C:/Program Files/Unity/Hub/Editor/2022.3.10f1/Editor/Data/PlaybackEngines/WindowsStandaloneSupport/UnityEditor.WindowsStandalone.Extensions.dll
Registered in 0.011231 seconds.
- Loaded All Assemblies, in  0.375 seconds
Native extension for WindowsStandalone target not found
Native extension for WebGL target not found
Mono: successfully reloaded assembly
- Finished resetting the current domain, in  0.316 seconds
Domain Reload Profiling: 689ms
	BeginReloadAssembly (113ms)
		ExecutionOrderSort (0ms)
		DisableScriptedObjects (0ms)
		BackupInstance (0ms)
		ReleaseScriptingObjects (0ms)
		CreateAndSetChildDomain (1ms)
	RebuildCommonClasses (34ms)
	RebuildNativeTypeToScriptingClass (11ms)
	initialDomainReloadingComplete (64ms)
	LoadAllAssembliesAndSetupDomain (150ms)
		LoadAssemblies (110ms)
		RebuildTransferFunctionScriptingTraits (0ms)
		AnalyzeDomain (148ms)
			TypeCache.Refresh (146ms)
				TypeCache.ScanAssembly (132ms)
			ScanForSourceGeneratedMonoScriptInfo (0ms)
			ResolveRequiredComponents (1ms)
	FinalizeReload (317ms)
		ReleaseScriptCaches (0ms)
		RebuildScriptCaches (0ms)
		SetupLoadedEditorAssemblies (251ms)
			LogAssemblyErrors (0ms)
			InitializePlatformSupportModulesInManaged (12ms)
			SetLoadedEditorAssemblies (7ms)
			RefreshPlugins (0ms)
			BeforeProcessingInitializeOnLoad (2ms)
			ProcessInitializeOnLoadAttributes (168ms)
			ProcessInitializeOnLoadMethodAttributes (62ms)
			AfterProcessingInitializeOnLoad (0ms)
			EditorAssembliesLoaded (0ms)
		ExecutionOrderSort2 (0ms)
		AwakeInstancesAfterBackupRestoration (0ms)
========================================================================
Worker process is ready to serve import requests
Begin MonoManager ReloadAssembly
- Loaded All Assemblies, in  0.782 seconds
Refreshing native plugins compatible for Editor in 2.32 ms, found 3 plugins.
Native extension for WindowsStandalone target not found
Native extension for WebGL target not found
Package Manager log level set to [2]
[Package Manager] Server::EnsureServerProcessIsRunning -- launch failed, reason: Unity was launched with the -noUpm command-line argument
[Package Manager] UpmClient::Send -- Unable to send message (not connected to UPM process).
[Package Manager] Cannot connect to Unity Package Manager local server
Mono: successfully reloaded assembly
- Finished resetting the current domain, in  0.630 seconds
Domain Reload Profiling: 1409ms
	BeginReloadAssembly (171ms)
		ExecutionOrderSort (0ms)
		DisableScriptedObjects (6ms)
		BackupInstance (0ms)
		ReleaseScriptingObjects (0ms)
		CreateAndSetChildDomain (23ms)
	RebuildCommonClasses (34ms)
	RebuildNativeTypeToScriptingClass (12ms)
	initialDomainReloadingComplete (44ms)
	LoadAllAssembliesAndSetupDomain (518ms)
		LoadAssemblies (398ms)
		RebuildTransferFunctionScriptingTraits (0ms)
		AnalyzeDomain (220ms)
			TypeCache.Refresh (192ms)
				TypeCache.ScanAssembly (177ms)
			ScanForSourceGeneratedMonoScriptInfo (21ms)
			ResolveRequiredComponents (6ms)
	FinalizeReload (630ms)
		ReleaseScriptCaches (0ms)
		RebuildScriptCaches (0ms)
		SetupLoadedEditorAssemblies (476ms)
			LogAssemblyErrors (0ms)
			InitializePlatformSupportModulesInManaged (8ms)
			SetLoadedEditorAssemblies (3ms)
			RefreshPlugins (0ms)
			BeforeProcessingInitializeOnLoad (69ms)
			ProcessInitializeOnLoadAttributes (319ms)
			ProcessInitializeOnLoadMethodAttributes (67ms)
			AfterProcessingInitializeOnLoad (9ms)
			EditorAssembliesLoaded (0ms)
		ExecutionOrderSort2 (0ms)
		AwakeInstancesAfterBackupRestoration (9ms)
Launched and connected shader compiler UnityShaderCompiler.exe after 0.05 seconds
Refreshing native plugins compatible for Editor in 2.10 ms, found 3 plugins.
Preloading 0 native plugins for Editor in 0.00 ms.
Unloading 4364 Unused Serialized files (Serialized files now loaded: 0)
Unloading 55 unused Assets / (2.2 MB). Loaded Objects now: 4815.
Memory consumption went from 168.3 MB to 166.0 MB.
Total: 4.706900 ms (FindLiveObjects: 0.386900 ms CreateObjectMapping: 0.373100 ms MarkObjects: 3.153400 ms  DeleteObjects: 0.792200 ms)

AssetImportParameters requested are different than current active one (requested -> active):
  custom:container-demuxer-ogg: 62fdf1f143b41e24485cea50d1cbac27 -> 
  custom:video-decoder-ogg-theora: a1e56fd34408186e4bbccfd4996cb3dc -> 
  custom:framework-win-MediaFoundation: 216162199b28c13a410421893ffa2e32 -> 
  custom:CustomObjectIndexerAttribute: 756ad292c208cfabdd7b50bc23989ffe -> 
  custom:container-demuxer-webm: 4f35f7cbe854078d1ac9338744f61a02 -> 
  custom:container-muxer-webm: aa71ff27fc2769a1b78a27578f13a17b -> 
  custom:video-decoder-webm-vp8: 9c59270c3fd7afecdb556c50c9e8de78 -> 
  custom:SearchIndexIgnoredProperties: e643bd26f0fe6173181afceb89e7c659 -> 
  custom:AudioImporter_EditorPlatform: d09bf68614088b80899f8185d706f6e7 -> 
  custom:video-encoder-webm-vp8: eb34c28f22e8b96e1ab97ce403110664 -> 
  custom:audio-decoder-ogg-vorbis: bf7c407c2cedff20999df2af8eb42d56 -> 
  custom:audio-encoder-webm-vorbis: bf7c407c2cedff20999df2af8eb42d56 -> 
========================================================================
Received Import Request.
  Time since last request: 650214.697695 seconds.
  path: Assets/Materials/Textures/bg_flag.png
  artifactKey: Guid(8093477f7c3e90c4a8241506cb167a28) Importer(815301076,1909f56bfc062723c751e8b465ee728b)
Start importing Assets/Materials/Textures/bg_flag.png using Guid(8093477f7c3e90c4a8241506cb167a28) Importer(815301076,1909f56bfc062723c751e8b465ee728b)  -> (artifact id: '35e5e9b518ad22c4d98d2d7312081cd9') in 0.067972 seconds
Number of updated asset objects reloaded before import = 0
Number of asset objects unloaded after import = 2
========================================================================
Received Import Request.
  Time since last request: 11.568766 seconds.
  path: Assets/Materials/BG_FLAG.mat
  artifactKey: Guid(01d3e94055832f445a25e2bd9ba8aeb9) Importer(815301076,1909f56bfc062723c751e8b465ee728b)
Start importing Assets/Materials/BG_FLAG.mat using Guid(01d3e94055832f445a25e2bd9ba8aeb9) Importer(815301076,1909f56bfc062723c751e8b465ee728b)  -> (artifact id: 'a2cddbde09adeb7d2cd586801535dd69') in 0.079916 seconds
Number of updated asset objects reloaded before import = 0
Number of asset objects unloaded after import = 1
========================================================================
Received Import Request.
  Time since last request: 7.393272 seconds.
  path: Assets/Materials/Skyboxes/MAPS/17.tif
  artifactKey: Guid(8ae3804cec9dcd0488c6ddec21b4d5b0) Importer(815301076,1909f56bfc062723c751e8b465ee728b)
Start importing Assets/Materials/Skyboxes/MAPS/17.tif using Guid(8ae3804cec9dcd0488c6ddec21b4d5b0) Importer(815301076,1909f56bfc062723c751e8b465ee728b)  -> (artifact id: '016d7e126ebccae16081d6d9b9a21626') in 0.032555 seconds
Number of updated asset objects reloaded before import = 0
Number of asset objects unloaded after import = 2
========================================================================
Received Import Request.
  Time since last request: 0.000021 seconds.
  path: Assets/Invector-3rdPersonController_LITE/3D Models/Characters/Invector@V-Bot 2.0/Textures/Custom/Albedo_members.png
  artifactKey: Guid(03fa212867eeda149bd1ad9a7c9e57ef) Importer(815301076,1909f56bfc062723c751e8b465ee728b)
Start importing Assets/Invector-3rdPersonController_LITE/3D Models/Characters/Invector@V-Bot 2.0/Textures/Custom/Albedo_members.png using Guid(03fa212867eeda149bd1ad9a7c9e57ef) Importer(815301076,1909f56bfc062723c751e8b465ee728b)  -> (artifact id: 'fb0a114e1545202b5780aa71adc7302e') in 0.045832 seconds
Number of updated asset objects reloaded before import = 0
Number of asset objects unloaded after import = 2
========================================================================
Received Import Request.
  Time since last request: 0.000021 seconds.
  path: Assets/Materials/Textures/OLD_BRICKS/Bricks076C_1K-JPG_AmbientOcclusion.jpg
  artifactKey: Guid(0d04359d1d48e9246bd2cd5288dc46bd) Importer(815301076,1909f56bfc062723c751e8b465ee728b)
Start importing Assets/Materials/Textures/OLD_BRICKS/Bricks076C_1K-JPG_AmbientOcclusion.jpg using Guid(0d04359d1d48e9246bd2cd5288dc46bd) Importer(815301076,1909f56bfc062723c751e8b465ee728b)  -> (artifact id: 'a3bfef9e2eb8ec14a841c4289f7b0477') in 0.016531 seconds
Number of updated asset objects reloaded before import = 0
Number of asset objects unloaded after import = 2
========================================================================
Received Import Request.
  Time since last request: 0.000138 seconds.
  path: Assets/Materials/Skyboxes/MAPS/M02_pan.tif
  artifactKey: Guid(b6c698491d87fd24584470e241748cdb) Importer(815301076,1909f56bfc062723c751e8b465ee728b)
Start importing Assets/Materials/Skyboxes/MAPS/M02_pan.tif using Guid(b6c698491d87fd24584470e241748cdb) Importer(815301076,1909f56bfc062723c751e8b465ee728b)  -> (artifact id: 'ca068c41ed3c767f459882140c3e9238') in 0.022273 seconds
Number of updated asset objects reloaded before import = 0
Number of asset objects unloaded after import = 2
========================================================================
Received Import Request.
  Time since last request: 0.000033 seconds.
  path: Assets/Materials/Textures/Old Metal/Metal015_1K-JPG_NormalGL.jpg
  artifactKey: Guid(3ec4b76afae317b41909533cbdfd7a64) Importer(815301076,1909f56bfc062723c751e8b465ee728b)
Start importing Assets/Materials/Textures/Old Metal/Metal015_1K-JPG_NormalGL.jpg using Guid(3ec4b76afae317b41909533cbdfd7a64) Importer(815301076,1909f56bfc062723c751e8b465ee728b)  -> (artifact id: '0a65b741dda02f106f0e7172fbbe16f5') in 0.027045 seconds
Number of updated asset objects reloaded before import = 0
Number of asset objects unloaded after import = 2
========================================================================
Received Import Request.
  Time since last request: 0.000028 seconds.
  path: Assets/Characters/Textures/middleage_lightskinned_male_diffuse.png
  artifactKey: Guid(978172298e3321c4a866b321a2bc779a) Importer(815301076,1909f56bfc062723c751e8b465ee728b)
Start importing Assets/Characters/Textures/middleage_lightskinned_male_diffuse.png using Guid(978172298e3321c4a866b321a2bc779a) Importer(815301076,1909f56bfc062723c751e8b465ee728b)  -> (artifact id: '8b036b4ce60c4511652fbb9d772c4844') in 0.024199 seconds
Number of updated asset objects reloaded before import = 0
Number of asset objects unloaded after import = 2
========================================================================
Received Import Request.
  Time since last request: 0.000034 seconds.
  path: Assets/Materials/Textures/grass/Ground037_1K-JPG_Displacement.jpg
  artifactKey: Guid(ccd8341145afe674a91fc48abfa39e31) Importer(815301076,1909f56bfc062723c751e8b465ee728b)
Start importing Assets/Materials/Textures/grass/Ground037_1K-JPG_Displacement.jpg using Guid(ccd8341145afe674a91fc48abfa39e31) Importer(815301076,1909f56bfc062723c751e8b465ee728b)  -> (artifact id: 'a71527ee44283e1631b35cb8f6ac34da') in 0.021328 seconds
Number of updated asset objects reloaded before import = 0
Number of asset objects unloaded after import = 2
========================================================================
Received Import Request.
  Time since last request: 0.000054 seconds.
  path: Assets/Materials/Textures/OLD_BRICKS/Bricks076C_1K-JPG_NormalDX.jpg
  artifactKey: Guid(a8876272d0f88e142bb8ffdb7b25b7b9) Importer(815301076,1909f56bfc062723c751e8b465ee728b)
Start importing Assets/Materials/Textures/OLD_BRICKS/Bricks076C_1K-JPG_NormalDX.jpg using Guid(a8876272d0f88e142bb8ffdb7b25b7b9) Importer(815301076,1909f56bfc062723c751e8b465ee728b)  -> (artifact id: 'dc04ed6acdf06f4fbd05f482cf4a37ba') in 0.026773 seconds
Number of updated asset objects reloaded before import = 0
Number of asset objects unloaded after import = 2
========================================================================
Received Import Request.
  Time since last request: 0.000027 seconds.
  path: Assets/AQUAS-Lite/Demo/Textures/Cliffs_normal.jpg
  artifactKey: Guid(5e2137d62de0b4846ac0dd23bc393af0) Importer(815301076,1909f56bfc062723c751e8b465ee728b)
Start importing Assets/AQUAS-Lite/Demo/Textures/Cliffs_normal.jpg using Guid(5e2137d62de0b4846ac0dd23bc393af0) Importer(815301076,1909f56bfc062723c751e8b465ee728b)  -> (artifact id: '8f5e2e540433b7f6ef0ba6addac5c2c7') in 0.028372 seconds
Number of updated asset objects reloaded before import = 0
Number of asset objects unloaded after import = 2
========================================================================
Received Import Request.
  Time since last request: 0.000022 seconds.
  path: Assets/AQUAS-Lite/Demo/Textures/Cliffs.jpg
  artifactKey: Guid(ea2cf029f996b84418c75102c55065fc) Importer(815301076,1909f56bfc062723c751e8b465ee728b)
Start importing Assets/AQUAS-Lite/Demo/Textures/Cliffs.jpg using Guid(ea2cf029f996b84418c75102c55065fc) Importer(815301076,1909f56bfc062723c751e8b465ee728b)  -> (artifact id: 'b7ff019e0a49f2f5bc1ab089471cfba1') in 0.019998 seconds
Number of updated asset objects reloaded before import = 0
Number of asset objects unloaded after import = 2
========================================================================
Received Import Request.
  Time since last request: 0.000037 seconds.
  path: Assets/Materials/Skyboxes/MAPS/26 Panorama.tif
  artifactKey: Guid(29989482124a757418772366555da5b6) Importer(815301076,1909f56bfc062723c751e8b465ee728b)
Start importing Assets/Materials/Skyboxes/MAPS/26 Panorama.tif using Guid(29989482124a757418772366555da5b6) Importer(815301076,1909f56bfc062723c751e8b465ee728b)  -> (artifact id: '96668acfeb623328da5f5441ecb094f8') in 0.075711 seconds
Number of updated asset objects reloaded before import = 0
Number of asset objects unloaded after import = 2
========================================================================
Received Import Request.
  Time since last request: 0.000028 seconds.
  path: Assets/Materials/Skyboxes/MAPS/17_FM.bottom.tif
  artifactKey: Guid(c6c5a05795c843f4b9c1febf8f153f37) Importer(815301076,1909f56bfc062723c751e8b465ee728b)
Start importing Assets/Materials/Skyboxes/MAPS/17_FM.bottom.tif using Guid(c6c5a05795c843f4b9c1febf8f153f37) Importer(815301076,1909f56bfc062723c751e8b465ee728b)  -> (artifact id: '7d3f36053e17b4fc460c8aec795c89b4') in 0.022172 seconds
Number of updated asset objects reloaded before import = 0
Number of asset objects unloaded after import = 2
========================================================================
Received Import Request.
  Time since last request: 0.000020 seconds.
  path: Assets/Invector-3rdPersonController_LITE/3D Models/Characters/Invector@V-Bot 2.0/Textures/Custom/Normal_body.png
  artifactKey: Guid(2a0eccb177040f8499cd6b9b93c1b142) Importer(815301076,1909f56bfc062723c751e8b465ee728b)
Start importing Assets/Invector-3rdPersonController_LITE/3D Models/Characters/Invector@V-Bot 2.0/Textures/Custom/Normal_body.png using Guid(2a0eccb177040f8499cd6b9b93c1b142) Importer(815301076,1909f56bfc062723c751e8b465ee728b)  -> (artifact id: 'cfcc095b346919d04e4c33b12f493949') in 0.035403 seconds
Number of updated asset objects reloaded before import = 0
Number of asset objects unloaded after import = 2
========================================================================
Received Import Request.
  Time since last request: 0.000031 seconds.
  path: Assets/Materials/Skyboxes/MAPS/17_FM.right.tif
  artifactKey: Guid(0d0f3ff0373271d4eb0b8b0c091483b2) Importer(815301076,1909f56bfc062723c751e8b465ee728b)
Start importing Assets/Materials/Skyboxes/MAPS/17_FM.right.tif using Guid(0d0f3ff0373271d4eb0b8b0c091483b2) Importer(815301076,1909f56bfc062723c751e8b465ee728b)  -> (artifact id: '56b0524e9423bb65457cc64e33940d55') in 0.026746 seconds
Number of updated asset objects reloaded before import = 0
Number of asset objects unloaded after import = 2
========================================================================
Received Import Request.
  Time since last request: 0.000035 seconds.
  path: Assets/Materials/Textures/Old Metal/Metal015_1K-JPG_Roughness.jpg
  artifactKey: Guid(22326ec0a95c09342bcae07d08730e4a) Importer(815301076,1909f56bfc062723c751e8b465ee728b)
Start importing Assets/Materials/Textures/Old Metal/Metal015_1K-JPG_Roughness.jpg using Guid(22326ec0a95c09342bcae07d08730e4a) Importer(815301076,1909f56bfc062723c751e8b465ee728b)  -> (artifact id: 'b8a52e18bc35b3e73d10305a3e567dc5') in 0.024735 seconds
Number of updated asset objects reloaded before import = 0
Number of asset objects unloaded after import = 2
========================================================================
Received Import Request.
  Time since last request: 0.000051 seconds.
  path: Assets/Materials/Skyboxes/MAPS/22 Panorama.tif
  artifactKey: Guid(69bf6e634e82d4f4f8754df63c2c92e4) Importer(815301076,1909f56bfc062723c751e8b465ee728b)
Start importing Assets/Materials/Skyboxes/MAPS/22 Panorama.tif using Guid(69bf6e634e82d4f4f8754df63c2c92e4) Importer(815301076,1909f56bfc062723c751e8b465ee728b)  -> (artifact id: '8ca3bf738ac37a20da4012581c64724f') in 0.069282 seconds
Number of updated asset objects reloaded before import = 0
Number of asset objects unloaded after import = 2
========================================================================
Received Import Request.
  Time since last request: 0.000018 seconds.
  path: Assets/Materials/Textures/OLD_BRICKS/Bricks076C_1K-JPG_Color.jpg
  artifactKey: Guid(5e21f94fffc1ad544b633811696f7d10) Importer(815301076,1909f56bfc062723c751e8b465ee728b)
Start importing Assets/Materials/Textures/OLD_BRICKS/Bricks076C_1K-JPG_Color.jpg using Guid(5e21f94fffc1ad544b633811696f7d10) Importer(815301076,1909f56bfc062723c751e8b465ee728b)  -> (artifact id: '241442a11d5230df2e6e95df6537dc4c') in 0.022652 seconds
Number of updated asset objects reloaded before import = 0
Number of asset objects unloaded after import = 2
========================================================================
Received Import Request.
  Time since last request: 0.000020 seconds.
  path: Assets/Materials/Textures/Bricks/Bricks089_1K-JPG_NormalDX.jpg
  artifactKey: Guid(c6a705015e37b6e4a8590cc54e08d3d7) Importer(815301076,1909f56bfc062723c751e8b465ee728b)
Start importing Assets/Materials/Textures/Bricks/Bricks089_1K-JPG_NormalDX.jpg using Guid(c6a705015e37b6e4a8590cc54e08d3d7) Importer(815301076,1909f56bfc062723c751e8b465ee728b)  -> (artifact id: '16ccde01abffca302b2f9d89b70fa467') in 0.028643 seconds
Number of updated asset objects reloaded before import = 0
Number of asset objects unloaded after import = 2
========================================================================
Received Import Request.
  Time since last request: 0.000042 seconds.
  path: Assets/Materials/Skyboxes/MAPS/17_FM.left.tif
  artifactKey: Guid(c0399645ec0621846a75956e42534211) Importer(815301076,1909f56bfc062723c751e8b465ee728b)
Start importing Assets/Materials/Skyboxes/MAPS/17_FM.left.tif using Guid(c0399645ec0621846a75956e42534211) Importer(815301076,1909f56bfc062723c751e8b465ee728b)  -> (artifact id: '87cfee4b8732efcacaf490bf82be8239') in 0.028205 seconds
Number of updated asset objects reloaded before import = 0
Number of asset objects unloaded after import = 2
========================================================================
Received Import Request.
  Time since last request: 0.000033 seconds.
  path: Assets/Materials/Skyboxes/MAPS/17.right.tif
  artifactKey: Guid(d2786f849387fde428d3d3a67d1440d6) Importer(815301076,1909f56bfc062723c751e8b465ee728b)
Start importing Assets/Materials/Skyboxes/MAPS/17.right.tif using Guid(d2786f849387fde428d3d3a67d1440d6) Importer(815301076,1909f56bfc062723c751e8b465ee728b)  -> (artifact id: '8b0e13eb7a3bffa495f984dcc3b5a2dd') in 0.032032 seconds
Number of updated asset objects reloaded before import = 0
Number of asset objects unloaded after import = 2
========================================================================
Received Import Request.
  Time since last request: 0.000021 seconds.
  path: Assets/Materials/Textures/Wood Bark/Bark014_1K-JPG_NormalDX.jpg
  artifactKey: Guid(1c312b843e4a0aa4db8fdeeb547211d1) Importer(815301076,1909f56bfc062723c751e8b465ee728b)
Start importing Assets/Materials/Textures/Wood Bark/Bark014_1K-JPG_NormalDX.jpg using Guid(1c312b843e4a0aa4db8fdeeb547211d1) Importer(815301076,1909f56bfc062723c751e8b465ee728b)  -> (artifact id: '8716b638eecb2729106b5b0e08171cd6') in 0.026917 seconds
Number of updated asset objects reloaded before import = 0
Number of asset objects unloaded after import = 2
========================================================================
Received Import Request.
  Time since last request: 0.000030 seconds.
  path: Assets/Materials/Textures/Bricks/Bricks089_1K-JPG_AmbientOcclusion.jpg
  artifactKey: Guid(b6f96aaaacbe0a44b8b964e1063f14de) Importer(815301076,1909f56bfc062723c751e8b465ee728b)
Start importing Assets/Materials/Textures/Bricks/Bricks089_1K-JPG_AmbientOcclusion.jpg using Guid(b6f96aaaacbe0a44b8b964e1063f14de) Importer(815301076,1909f56bfc062723c751e8b465ee728b)  -> (artifact id: 'cf8053d9b2ce74510d7e0216c4b0ce80') in 0.028997 seconds
Number of updated asset objects reloaded before import = 0
Number of asset objects unloaded after import = 2
========================================================================
Received Import Request.
  Time since last request: 0.000025 seconds.
  path: Assets/Materials/Skyboxes/MAPS/20.right.tif
  artifactKey: Guid(ae4f4335fe7f98243847047ff5aae516) Importer(815301076,1909f56bfc062723c751e8b465ee728b)
Start importing Assets/Materials/Skyboxes/MAPS/20.right.tif using Guid(ae4f4335fe7f98243847047ff5aae516) Importer(815301076,1909f56bfc062723c751e8b465ee728b)  -> (artifact id: '1bc7af61bb41805d79035518784f6a04') in 0.027169 seconds
Number of updated asset objects reloaded before import = 0
Number of asset objects unloaded after import = 2
========================================================================
Received Import Request.
  Time since last request: 0.000020 seconds.
  path: Assets/Materials/Textures/grass/Ground037_1K-JPG_NormalDX.jpg
  artifactKey: Guid(79103b444a48a394c8c3fb64a2118084) Importer(815301076,1909f56bfc062723c751e8b465ee728b)
Start importing Assets/Materials/Textures/grass/Ground037_1K-JPG_NormalDX.jpg using Guid(79103b444a48a394c8c3fb64a2118084) Importer(815301076,1909f56bfc062723c751e8b465ee728b)  -> (artifact id: '54eca130d4c20b7aec156dedcfc5407f') in 0.028096 seconds
Number of updated asset objects reloaded before import = 0
Number of asset objects unloaded after import = 2
========================================================================
Received Import Request.
  Time since last request: 0.000021 seconds.
  path: Assets/Invector-3rdPersonController_LITE/3D Models/Characters/Invector@V-Bot 2.0/Textures/Custom/Albedo_body.png
  artifactKey: Guid(ca03125eedefcea41ae3d8ec84727974) Importer(815301076,1909f56bfc062723c751e8b465ee728b)
Start importing Assets/Invector-3rdPersonController_LITE/3D Models/Characters/Invector@V-Bot 2.0/Textures/Custom/Albedo_body.png using Guid(ca03125eedefcea41ae3d8ec84727974) Importer(815301076,1909f56bfc062723c751e8b465ee728b)  -> (artifact id: 'cf9c7863c68be6f62bd3632c8328e36f') in 0.035732 seconds
Number of updated asset objects reloaded before import = 0
Number of asset objects unloaded after import = 2
========================================================================
Received Import Request.
  Time since last request: 0.000014 seconds.
  path: Assets/Materials/Textures/Wood Bark/Bark014_1K-JPG_Displacement.jpg
  artifactKey: Guid(34b1ff565389b2045a063c2bddd847ce) Importer(815301076,1909f56bfc062723c751e8b465ee728b)
Start importing Assets/Materials/Textures/Wood Bark/Bark014_1K-JPG_Displacement.jpg using Guid(34b1ff565389b2045a063c2bddd847ce) Importer(815301076,1909f56bfc062723c751e8b465ee728b)  -> (artifact id: 'e787f36b1f1d07313e316d35f8cab60a') in 0.021520 seconds
Number of updated asset objects reloaded before import = 0
Number of asset objects unloaded after import = 2
========================================================================
Received Import Request.
  Time since last request: 17.489064 seconds.
  path: Assets/Materials/Textures/bg_flag.png
  artifactKey: Guid(8093477f7c3e90c4a8241506cb167a28) Importer(815301076,1909f56bfc062723c751e8b465ee728b)
Start importing Assets/Materials/Textures/bg_flag.png using Guid(8093477f7c3e90c4a8241506cb167a28) Importer(815301076,1909f56bfc062723c751e8b465ee728b)  -> (artifact id: '2fa0417b2a849962a6b81e8a6535b9ba') in 0.012187 seconds
Number of updated asset objects reloaded before import = 0
Number of asset objects unloaded after import = 2
========================================================================
Received Import Request.
  Time since last request: 11.714468 seconds.
  path: Assets/Materials/BG_FLAG.mat
  artifactKey: Guid(01d3e94055832f445a25e2bd9ba8aeb9) Importer(815301076,1909f56bfc062723c751e8b465ee728b)
Start importing Assets/Materials/BG_FLAG.mat using Guid(01d3e94055832f445a25e2bd9ba8aeb9) Importer(815301076,1909f56bfc062723c751e8b465ee728b)  -> (artifact id: 'f6a3c80c8cb37817a2e391b5616e7292') in 0.006589 seconds
Number of updated asset objects reloaded before import = 0
Number of asset objects unloaded after import = 2
========================================================================
Received Import Request.
  Time since last request: 26.137095 seconds.
  path: Assets/Materials/BG_FLAG.mat
  artifactKey: Guid(01d3e94055832f445a25e2bd9ba8aeb9) Importer(815301076,1909f56bfc062723c751e8b465ee728b)
Start importing Assets/Materials/BG_FLAG.mat using Guid(01d3e94055832f445a25e2bd9ba8aeb9) Importer(815301076,1909f56bfc062723c751e8b465ee728b)  -> (artifact id: '2619432bd7f7934479902e8f396f49af') in 0.009073 seconds
Number of updated asset objects reloaded before import = 0
Number of asset objects unloaded after import = 2
========================================================================
Received Prepare
Begin MonoManager ReloadAssembly
- Loaded All Assemblies, in  0.584 seconds
Refreshing native plugins compatible for Editor in 2.15 ms, found 3 plugins.
Native extension for WindowsStandalone target not found
Native extension for WebGL target not found
[Package Manager] Server::EnsureServerProcessIsRunning -- launch failed, reason: Unity was launched with the -noUpm command-line argument
[Package Manager] UpmClient::Send -- Unable to send message (not connected to UPM process).
[Package Manager] Cannot connect to Unity Package Manager local server
Mono: successfully reloaded assembly
- Finished resetting the current domain, in  1.411 seconds
Domain Reload Profiling: 1992ms
	BeginReloadAssembly (218ms)
		ExecutionOrderSort (0ms)
		DisableScriptedObjects (6ms)
		BackupInstance (0ms)
		ReleaseScriptingObjects (0ms)
		CreateAndSetChildDomain (49ms)
	RebuildCommonClasses (45ms)
	RebuildNativeTypeToScriptingClass (13ms)
	initialDomainReloadingComplete (42ms)
	LoadAllAssembliesAndSetupDomain (262ms)
		LoadAssemblies (354ms)
		RebuildTransferFunctionScriptingTraits (0ms)
		AnalyzeDomain (23ms)
			TypeCache.Refresh (9ms)
				TypeCache.ScanAssembly (0ms)
			ScanForSourceGeneratedMonoScriptInfo (0ms)
			ResolveRequiredComponents (12ms)
	FinalizeReload (1412ms)
		ReleaseScriptCaches (0ms)
		RebuildScriptCaches (0ms)
		SetupLoadedEditorAssemblies (772ms)
			LogAssemblyErrors (0ms)
			InitializePlatformSupportModulesInManaged (10ms)
			SetLoadedEditorAssemblies (3ms)
			RefreshPlugins (0ms)
			BeforeProcessingInitializeOnLoad (102ms)
			ProcessInitializeOnLoadAttributes (535ms)
			ProcessInitializeOnLoadMethodAttributes (106ms)
			AfterProcessingInitializeOnLoad (15ms)
			EditorAssembliesLoaded (0ms)
		ExecutionOrderSort2 (0ms)
		AwakeInstancesAfterBackupRestoration (13ms)
Refreshing native plugins compatible for Editor in 3.28 ms, found 3 plugins.
Preloading 0 native plugins for Editor in 0.00 ms.
Unloading 4298 Unused Serialized files (Serialized files now loaded: 0)
Unloading 43 unused Assets / (2.2 MB). Loaded Objects now: 4865.
Memory consumption went from 157.6 MB to 155.4 MB.
Total: 7.784600 ms (FindLiveObjects: 0.872400 ms CreateObjectMapping: 0.812200 ms MarkObjects: 4.901800 ms  DeleteObjects: 1.196700 ms)

Prepare: number of updated asset objects reloaded= 0
AssetImportParameters requested are different than current active one (requested -> active):
  custom:container-demuxer-ogg: 62fdf1f143b41e24485cea50d1cbac27 -> 
  custom:video-decoder-ogg-theora: a1e56fd34408186e4bbccfd4996cb3dc -> 
  custom:framework-win-MediaFoundation: 216162199b28c13a410421893ffa2e32 -> 
  custom:CustomObjectIndexerAttribute: 756ad292c208cfabdd7b50bc23989ffe -> 
  custom:container-demuxer-webm: 4f35f7cbe854078d1ac9338744f61a02 -> 
  custom:container-muxer-webm: aa71ff27fc2769a1b78a27578f13a17b -> 
  custom:video-decoder-webm-vp8: 9c59270c3fd7afecdb556c50c9e8de78 -> 
  custom:SearchIndexIgnoredProperties: e643bd26f0fe6173181afceb89e7c659 -> 
  custom:AudioImporter_EditorPlatform: d09bf68614088b80899f8185d706f6e7 -> 
  custom:video-encoder-webm-vp8: eb34c28f22e8b96e1ab97ce403110664 -> 
  custom:audio-decoder-ogg-vorbis: bf7c407c2cedff20999df2af8eb42d56 -> 
  custom:audio-encoder-webm-vorbis: bf7c407c2cedff20999df2af8eb42d56 -> 
========================================================================
Received Import Request.
  Time since last request: 114.226661 seconds.
  path: Assets/Materials/Textures/bg_flag.png
  artifactKey: Guid(8093477f7c3e90c4a8241506cb167a28) Importer(815301076,1909f56bfc062723c751e8b465ee728b)
Start importing Assets/Materials/Textures/bg_flag.png using Guid(8093477f7c3e90c4a8241506cb167a28) Importer(815301076,1909f56bfc062723c751e8b465ee728b)  -> (artifact id: '9d5f0351f727f62c644ce36f6d76fdfb') in 0.067307 seconds
Number of updated asset objects reloaded before import = 0
Number of asset objects unloaded after import = 2
========================================================================
Received Import Request.
  Time since last request: 7.525859 seconds.
  path: Assets/Materials/Textures/bg_flag.png
  artifactKey: Guid(8093477f7c3e90c4a8241506cb167a28) Importer(815301076,1909f56bfc062723c751e8b465ee728b)
Start importing Assets/Materials/Textures/bg_flag.png using Guid(8093477f7c3e90c4a8241506cb167a28) Importer(815301076,1909f56bfc062723c751e8b465ee728b)  -> (artifact id: 'b16bef5a49b187c81780210fa11c4276') in 0.012433 seconds
Number of updated asset objects reloaded before import = 0
Number of asset objects unloaded after import = 2
========================================================================
Received Import Request.
  Time since last request: 11.242287 seconds.
  path: Assets/Materials/Textures/bg_flag.png
  artifactKey: Guid(8093477f7c3e90c4a8241506cb167a28) Importer(815301076,1909f56bfc062723c751e8b465ee728b)
Start importing Assets/Materials/Textures/bg_flag.png using Guid(8093477f7c3e90c4a8241506cb167a28) Importer(815301076,1909f56bfc062723c751e8b465ee728b)  -> (artifact id: '1d08bc6112aa74b4b353ca85597e83de') in 0.013855 seconds
Number of updated asset objects reloaded before import = 0
Number of asset objects unloaded after import = 2
========================================================================
Received Import Request.
  Time since last request: 2.884557 seconds.
  path: Assets/Materials/Textures/bg_flag.png
  artifactKey: Guid(8093477f7c3e90c4a8241506cb167a28) Importer(815301076,1909f56bfc062723c751e8b465ee728b)
Start importing Assets/Materials/Textures/bg_flag.png using Guid(8093477f7c3e90c4a8241506cb167a28) Importer(815301076,1909f56bfc062723c751e8b465ee728b)  -> (artifact id: '43431d96cba60d99b654cf7a5095c3f2') in 0.012333 seconds
Number of updated asset objects reloaded before import = 0
Number of asset objects unloaded after import = 2
========================================================================
Received Import Request.
  Time since last request: 41.087689 seconds.
  path: Assets/Materials/Textures/bg_flag 1.png
  artifactKey: Guid(635c8e4ddc6eb1d43a7bd62c7855de72) Importer(815301076,1909f56bfc062723c751e8b465ee728b)
Start importing Assets/Materials/Textures/bg_flag 1.png using Guid(635c8e4ddc6eb1d43a7bd62c7855de72) Importer(815301076,1909f56bfc062723c751e8b465ee728b)  -> (artifact id: '1acce3516dae4645b815152855c758c2') in 0.015373 seconds
Number of updated asset objects reloaded before import = 0
Number of asset objects unloaded after import = 2
========================================================================
Received Import Request.
  Time since last request: 18.812394 seconds.
  path: Assets/Materials/Textures/bg_flag.png
  artifactKey: Guid(8093477f7c3e90c4a8241506cb167a28) Importer(815301076,1909f56bfc062723c751e8b465ee728b)
Start importing Assets/Materials/Textures/bg_flag.png using Guid(8093477f7c3e90c4a8241506cb167a28) Importer(815301076,1909f56bfc062723c751e8b465ee728b)  -> (artifact id: '1edac5268b2d2d609da2c92143a43cdb') in 0.014132 seconds
Number of updated asset objects reloaded before import = 0
Number of asset objects unloaded after import = 2
========================================================================
Received Import Request.
  Time since last request: 8.114806 seconds.
  path: Assets/Materials/BG_FLAG.mat
  artifactKey: Guid(01d3e94055832f445a25e2bd9ba8aeb9) Importer(815301076,1909f56bfc062723c751e8b465ee728b)
Start importing Assets/Materials/BG_FLAG.mat using Guid(01d3e94055832f445a25e2bd9ba8aeb9) Importer(815301076,1909f56bfc062723c751e8b465ee728b)  -> (artifact id: '94e83fb692a08a7b7dc45b5ea848dd69') in 0.059700 seconds
Number of updated asset objects reloaded before import = 0
Number of asset objects unloaded after import = 2
========================================================================
Received Import Request.
  Time since last request: 0.000018 seconds.
  path: Assets/Materials/Mountain_with_haze.mat
  artifactKey: Guid(68d4af2ba2b97044eaf221f0aff9018a) Importer(815301076,1909f56bfc062723c751e8b465ee728b)
Start importing Assets/Materials/Mountain_with_haze.mat using Guid(68d4af2ba2b97044eaf221f0aff9018a) Importer(815301076,1909f56bfc062723c751e8b465ee728b)  -> (artifact id: 'be4821563775da4a3141a7b061f3c72d') in 0.018748 seconds
Number of updated asset objects reloaded before import = 0
Number of asset objects unloaded after import = 2
========================================================================
Received Prepare
Begin MonoManager ReloadAssembly
- Loaded All Assemblies, in  0.586 seconds
Refreshing native plugins compatible for Editor in 2.25 ms, found 3 plugins.
Native extension for WindowsStandalone target not found
Native extension for WebGL target not found
[Package Manager] Server::EnsureServerProcessIsRunning -- launch failed, reason: Unity was launched with the -noUpm command-line argument
[Package Manager] UpmClient::Send -- Unable to send message (not connected to UPM process).
[Package Manager] Cannot connect to Unity Package Manager local server
Mono: successfully reloaded assembly
- Finished resetting the current domain, in  1.492 seconds
Domain Reload Profiling: 2075ms
	BeginReloadAssembly (222ms)
		ExecutionOrderSort (0ms)
		DisableScriptedObjects (8ms)
		BackupInstance (0ms)
		ReleaseScriptingObjects (0ms)
		CreateAndSetChildDomain (45ms)
	RebuildCommonClasses (45ms)
	RebuildNativeTypeToScriptingClass (13ms)
	initialDomainReloadingComplete (49ms)
	LoadAllAssembliesAndSetupDomain (252ms)
		LoadAssemblies (357ms)
		RebuildTransferFunctionScriptingTraits (0ms)
		AnalyzeDomain (22ms)
			TypeCache.Refresh (8ms)
				TypeCache.ScanAssembly (0ms)
			ScanForSourceGeneratedMonoScriptInfo (0ms)
			ResolveRequiredComponents (12ms)
	FinalizeReload (1493ms)
		ReleaseScriptCaches (0ms)
		RebuildScriptCaches (0ms)
		SetupLoadedEditorAssemblies (850ms)
			LogAssemblyErrors (0ms)
			InitializePlatformSupportModulesInManaged (10ms)
			SetLoadedEditorAssemblies (3ms)
			RefreshPlugins (0ms)
			BeforeProcessingInitializeOnLoad (122ms)
			ProcessInitializeOnLoadAttributes (569ms)
			ProcessInitializeOnLoadMethodAttributes (128ms)
			AfterProcessingInitializeOnLoad (17ms)
			EditorAssembliesLoaded (0ms)
		ExecutionOrderSort2 (0ms)
		AwakeInstancesAfterBackupRestoration (20ms)
Refreshing native plugins compatible for Editor in 4.32 ms, found 3 plugins.
Preloading 0 native plugins for Editor in 0.00 ms.
Unloading 4298 Unused Serialized files (Serialized files now loaded: 0)
Unloading 43 unused Assets / (2.2 MB). Loaded Objects now: 4869.
Memory consumption went from 157.7 MB to 155.5 MB.
Total: 8.873100 ms (FindLiveObjects: 0.487000 ms CreateObjectMapping: 0.599500 ms MarkObjects: 6.225000 ms  DeleteObjects: 1.559600 ms)

Prepare: number of updated asset objects reloaded= 0
AssetImportParameters requested are different than current active one (requested -> active):
  custom:container-demuxer-ogg: 62fdf1f143b41e24485cea50d1cbac27 -> 
  custom:video-decoder-ogg-theora: a1e56fd34408186e4bbccfd4996cb3dc -> 
  custom:framework-win-MediaFoundation: 216162199b28c13a410421893ffa2e32 -> 
  custom:CustomObjectIndexerAttribute: 756ad292c208cfabdd7b50bc23989ffe -> 
  custom:container-demuxer-webm: 4f35f7cbe854078d1ac9338744f61a02 -> 
  custom:container-muxer-webm: aa71ff27fc2769a1b78a27578f13a17b -> 
  custom:video-decoder-webm-vp8: 9c59270c3fd7afecdb556c50c9e8de78 -> 
  custom:SearchIndexIgnoredProperties: e643bd26f0fe6173181afceb89e7c659 -> 
  custom:AudioImporter_EditorPlatform: d09bf68614088b80899f8185d706f6e7 -> 
  custom:video-encoder-webm-vp8: eb34c28f22e8b96e1ab97ce403110664 -> 
  custom:audio-decoder-ogg-vorbis: bf7c407c2cedff20999df2af8eb42d56 -> 
  custom:audio-encoder-webm-vorbis: bf7c407c2cedff20999df2af8eb42d56 -> 
========================================================================
Received Import Request.
  Time since last request: 127.594664 seconds.
  path: Assets/Materials/BG_FLAG.mat
  artifactKey: Guid(01d3e94055832f445a25e2bd9ba8aeb9) Importer(815301076,1909f56bfc062723c751e8b465ee728b)
Start importing Assets/Materials/BG_FLAG.mat using Guid(01d3e94055832f445a25e2bd9ba8aeb9) Importer(815301076,1909f56bfc062723c751e8b465ee728b)  -> (artifact id: 'e60ea7b90426a76f63cffb6dc15b5150') in 0.102579 seconds
Number of updated asset objects reloaded before import = 0
Number of asset objects unloaded after import = 2
========================================================================
Received Prepare
Begin MonoManager ReloadAssembly
- Loaded All Assemblies, in  0.550 seconds
Refreshing native plugins compatible for Editor in 2.58 ms, found 3 plugins.
Native extension for WindowsStandalone target not found
Native extension for WebGL target not found
[Package Manager] Server::EnsureServerProcessIsRunning -- launch failed, reason: Unity was launched with the -noUpm command-line argument
[Package Manager] UpmClient::Send -- Unable to send message (not connected to UPM process).
[Package Manager] Cannot connect to Unity Package Manager local server
Mono: successfully reloaded assembly
- Finished resetting the current domain, in  1.494 seconds
Domain Reload Profiling: 2042ms
	BeginReloadAssembly (202ms)
		ExecutionOrderSort (0ms)
		DisableScriptedObjects (7ms)
		BackupInstance (0ms)
		ReleaseScriptingObjects (0ms)
		CreateAndSetChildDomain (51ms)
	RebuildCommonClasses (40ms)
	RebuildNativeTypeToScriptingClass (17ms)
	initialDomainReloadingComplete (34ms)
	LoadAllAssembliesAndSetupDomain (255ms)
		LoadAssemblies (343ms)
		RebuildTransferFunctionScriptingTraits (0ms)
		AnalyzeDomain (23ms)
			TypeCache.Refresh (9ms)
				TypeCache.ScanAssembly (0ms)
			ScanForSourceGeneratedMonoScriptInfo (0ms)
			ResolveRequiredComponents (12ms)
	FinalizeReload (1495ms)
		ReleaseScriptCaches (0ms)
		RebuildScriptCaches (0ms)
		SetupLoadedEditorAssemblies (829ms)
			LogAssemblyErrors (0ms)
			InitializePlatformSupportModulesInManaged (9ms)
			SetLoadedEditorAssemblies (3ms)
			RefreshPlugins (0ms)
			BeforeProcessingInitializeOnLoad (110ms)
			ProcessInitializeOnLoadAttributes (563ms)
			ProcessInitializeOnLoadMethodAttributes (123ms)
			AfterProcessingInitializeOnLoad (21ms)
			EditorAssembliesLoaded (0ms)
		ExecutionOrderSort2 (0ms)
		AwakeInstancesAfterBackupRestoration (16ms)
Refreshing native plugins compatible for Editor in 4.81 ms, found 3 plugins.
Preloading 0 native plugins for Editor in 0.00 ms.
Unloading 4298 Unused Serialized files (Serialized files now loaded: 0)
Unloading 43 unused Assets / (2.2 MB). Loaded Objects now: 4872.
Memory consumption went from 157.7 MB to 155.5 MB.
Total: 8.893900 ms (FindLiveObjects: 1.185900 ms CreateObjectMapping: 0.882000 ms MarkObjects: 6.057000 ms  DeleteObjects: 0.766900 ms)

Prepare: number of updated asset objects reloaded= 0
AssetImportParameters requested are different than current active one (requested -> active):
  custom:container-demuxer-ogg: 62fdf1f143b41e24485cea50d1cbac27 -> 
  custom:video-decoder-ogg-theora: a1e56fd34408186e4bbccfd4996cb3dc -> 
  custom:framework-win-MediaFoundation: 216162199b28c13a410421893ffa2e32 -> 
  custom:CustomObjectIndexerAttribute: 756ad292c208cfabdd7b50bc23989ffe -> 
  custom:container-demuxer-webm: 4f35f7cbe854078d1ac9338744f61a02 -> 
  custom:container-muxer-webm: aa71ff27fc2769a1b78a27578f13a17b -> 
  custom:video-decoder-webm-vp8: 9c59270c3fd7afecdb556c50c9e8de78 -> 
  custom:SearchIndexIgnoredProperties: e643bd26f0fe6173181afceb89e7c659 -> 
  custom:AudioImporter_EditorPlatform: d09bf68614088b80899f8185d706f6e7 -> 
  custom:video-encoder-webm-vp8: eb34c28f22e8b96e1ab97ce403110664 -> 
  custom:audio-decoder-ogg-vorbis: bf7c407c2cedff20999df2af8eb42d56 -> 
  custom:audio-encoder-webm-vorbis: bf7c407c2cedff20999df2af8eb42d56 -> 
========================================================================
Received Import Request.
  Time since last request: 153.669139 seconds.
  path: Assets/Materials/Clouds.mat
  artifactKey: Guid(515531f3871c9c341a629580fea2285c) Importer(815301076,1909f56bfc062723c751e8b465ee728b)
Start importing Assets/Materials/Clouds.mat using Guid(515531f3871c9c341a629580fea2285c) Importer(815301076,1909f56bfc062723c751e8b465ee728b)  -> (artifact id: '04d831695475f9271885989118fa1416') in 0.097026 seconds
Number of updated asset objects reloaded before import = 0
Number of asset objects unloaded after import = 1
