
=== Tue Dec  3 23:07:54 2024

Packages were changed.
Update Mode: updateDependencies

The following packages were updated:
  com.unity.collab-proxy from version 1.13.5 to 2.5.2
  com.unity.ide.rider from version 3.0.7 to 3.0.31
  com.unity.ide.visualstudio from version 2.0.11 to 2.0.22
  com.unity.render-pipelines.high-definition from version 12.1.0 to 17.0.3
  com.unity.render-pipelines.universal from version 12.1.0 to 17.0.3
  com.unity.shadergraph from version 12.1.0 to 17.0.3
  com.unity.test-framework from version 1.1.29 to 1.4.5
  com.unity.timeline from version 1.6.2 to 1.8.7
  com.unity.ugui from version 1.0.0 to 2.0.0
  com.unity.visualscripting from version 1.7.2 to 1.9.4
The following packages were removed:
  com.unity.textmeshpro@3.0.6

=== Tue Dec  3 23:07:54 2024

Packages were changed.
Update Mode: mergeDefaultDependencies

The following packages were added:
  com.unity.ide.vscode@1.2.4
  com.unity.render-pipelines.high-definition@17.0.3
  com.unity.render-pipelines.universal@17.0.3
  com.unity.visualscripting@1.9.4
